<?xml version="1.0" encoding="UTF-8"?>
<testsuite name="pos.machine.PosMachineTest" tests="1" skipped="0" failures="0" errors="0" timestamp="2021-11-30T11:41:14" hostname="TSANGAN-W10" time="0.009">
  <properties/>
  <testcase name="should_return_receipt()" classname="pos.machine.PosMachineTest" time="0.009"/>
  <system-out><![CDATA[]]></system-out>
  <system-err><![CDATA[]]></system-err>
</testsuite>
